<?xml version="1.0" encoding="ISO-8859-1"?>
<!--
    Copyright (c) 2016, RTE (http://www.rte-france.com)
    This Source Code Form is subject to the terms of the Mozilla Public
    License, v. 2.0. If a copy of the MPL was not distributed with this
    file, You can obtain one at http://mozilla.org/MPL/2.0/.

-->
<actionsContingencies>

  <zones>
    <zone name="ZONE1" number="1" description="zone one" >
	  <voltageLevels>
	    <voltageLevel ID="VL1" name="VL1" level="400" />
		<voltageLevel ID="VL2" name="VL2" level="300" />	   
	  </voltageLevels>
	</zone>
	</zones>
	<contingencies>
  
    <contingency>
	  <name>N-1_Contingency</name>
	  <zones>
	    <num>1</num>
	  </zones>
	  <equipments>
	    <equipment id="LINE1_ACLS"/>
	    <equipment id="LINE2_ACLS"/>	
	  </equipments>
	</contingency>
	</contingencies>
	 <elementaryActions>
  
	<elementaryAction name="Action1" curativeType="true" preventiveType="true" startTime="120" >
	  <description info="action 1 node"/>
	  <zones>
	    <num>1</num>
	  </zones>
	  <switchOperation id="sw1" action="closing" implementationTime="150" achievmentIndex="100"/>   
	  <switchOperation id="sw2" action="closing" implementationTime="150" achievmentIndex="100"/>  
	</elementaryAction>
	<elementaryAction name="Action2" curativeType="true" preventiveType="true" startTime="120" >
	  <description info="action 2 "/>
	  <zones>
	    <num>1</num>
	  </zones>
	  <generationOperation id="gen2" action="stopPumping" implementationTime="150" achievmentIndex="100"/> 
	</elementaryAction>
	<elementaryAction name="Action3" curativeType="true" preventiveType="true" startTime="120" >
	  <description info="action 3 "/>
	  <zones>
	    <num>1</num>
	  </zones>
	  <lineOperation id="ln3" substation="SUB1" action="opening" implementationTime="150" achievmentIndex="100"/>   
	  <switchOperation id="sw3" action="closing" implementationTime="150" achievmentIndex="100"/>  
	</elementaryAction>
  </elementaryActions>
  
  <actionPlans>  <!-- describes complete remedial actions using logical combination of elementary actions -->	 
  
  	<actionPlan name="Plan1" >
	  <description info="plan 1"/>   
	  <zones>
		<num>1</num>  
	  </zones>
      <option priority="1" > 
	    <logicalExpression>
		  <and>
		    <operand>2</operand>
			<operand>
			<and>
			  <operand>2</operand>
			  <operand>3</operand>
			</and>
			</operand>
		  </and>
		</logicalExpression>
	    <action id="Action1" num="1" achievmentIndex="100" />
		<action id="Action2" num="2" achievmentIndex="100" />
		<action id="Action3" num="3" achievmentIndex="100" />
	  </option>
	</actionPlan>	
	</actionPlans>
	 <actionCtgAssociations> 
	  <association>
		<contingency id="N-1_Contingency" />
		<constraint equipment="EQ1" type="overload" value="1200" /> 
		<constraint equipment="EQ2" type="overload" value="1200" />
		<action id="Plan1" /> <!-- could be elementary action or action plan -->
	  </association>
    </actionCtgAssociations>
  
</actionsContingencies>